\BOOKMARK [1][-]{section.1}{\376\377\000I\000n\000t\000r\000o\000d\000u\000c\000t\000i\000o\000n\000:\000\040\000R\000a\000i\000s\000o\000n\000\040\000d\000'\000\352\000t\000r\000e}{}% 1
\BOOKMARK [2][-]{subsection.1.1}{\376\377\000N\000e\000e\000d\000\040\000f\000o\000r\000\040\000i\000n\000f\000o\000r\000m\000a\000t\000i\000v\000e\000\040\000v\000i\000s\000u\000a\000l\000i\000z\000a\000t\000i\000o\000n\000s}{section.1}% 2
\BOOKMARK [2][-]{subsection.1.2}{\376\377\000N\000e\000e\000d\000\040\000f\000o\000r\000\040\000b\000e\000t\000t\000e\000r\000\040\000s\000t\000a\000t\000i\000s\000t\000i\000c\000a\000l\000\040\000r\000e\000p\000o\000r\000t\000i\000n\000g}{section.1}% 3
\BOOKMARK [1][-]{section.2}{\376\377\000g\000g\000s\000t\000a\000t\000s\000p\000l\000o\000t\000\040\000a\000t\000\040\000a\000\040\000g\000l\000a\000n\000c\000e}{}% 4
\BOOKMARK [2][-]{subsection.2.1}{\376\377\000S\000u\000m\000m\000a\000r\000y\000\040\000o\000f\000\040\000t\000y\000p\000e\000s\000\040\000o\000f\000\040\000p\000l\000o\000t\000s\000\040\000i\000n\000c\000l\000u\000d\000e\000d}{section.2}% 5
\BOOKMARK [2][-]{subsection.2.2}{\376\377\000S\000u\000m\000m\000a\000r\000y\000\040\000o\000f\000\040\000t\000y\000p\000e\000s\000\040\000o\000f\000\040\000s\000t\000a\000t\000i\000s\000t\000i\000c\000a\000l\000\040\000a\000n\000a\000l\000y\000s\000e\000s}{section.2}% 6
\BOOKMARK [1][-]{section.3}{\376\377\000G\000r\000a\000p\000h\000i\000c\000\040\000d\000e\000s\000i\000g\000n\000\040\000p\000r\000i\000n\000c\000i\000p\000l\000e\000s}{}% 7
\BOOKMARK [2][-]{subsection.3.1}{\376\377\000G\000r\000a\000p\000h\000i\000c\000a\000l\000\040\000p\000e\000r\000c\000e\000p\000t\000i\000o\000n}{section.3}% 8
\BOOKMARK [2][-]{subsection.3.2}{\376\377\000G\000r\000a\000p\000h\000i\000c\000a\000l\000\040\000e\000x\000c\000e\000l\000l\000e\000n\000c\000e}{section.3}% 9
\BOOKMARK [2][-]{subsection.3.3}{\376\377\000S\000t\000a\000t\000i\000s\000t\000i\000c\000a\000l\000\040\000v\000a\000r\000i\000a\000t\000i\000o\000n}{section.3}% 10
\BOOKMARK [1][-]{section.4}{\376\377\000S\000t\000a\000t\000i\000s\000t\000i\000c\000a\000l\000\040\000a\000n\000a\000l\000y\000s\000i\000s}{}% 11
\BOOKMARK [2][-]{subsection.4.1}{\376\377\000D\000a\000t\000a\000\040\000r\000e\000q\000u\000i\000r\000e\000m\000e\000n\000t\000s}{section.4}% 12
\BOOKMARK [2][-]{subsection.4.2}{\376\377\000S\000t\000a\000t\000i\000s\000t\000i\000c\000a\000l\000\040\000r\000e\000p\000o\000r\000t\000i\000n\000g}{section.4}% 13
\BOOKMARK [2][-]{subsection.4.3}{\376\377\000S\000t\000a\000t\000i\000s\000t\000i\000c\000a\000l\000\040\000t\000e\000s\000t\000s\000:}{section.4}% 14
\BOOKMARK [2][-]{subsection.4.4}{\376\377\000D\000e\000a\000l\000i\000n\000g\000\040\000w\000i\000t\000h\000\040\000n\000u\000l\000l\000\040\000r\000e\000s\000u\000l\000t\000s\000:}{section.4}% 15
\BOOKMARK [2][-]{subsection.4.5}{\376\377\000A\000v\000o\000i\000d\000i\000n\000g\000\040\000t\000h\000e\000\040\000`\000`\000p\000-\000v\000a\000l\000u\000e\000\040\000e\000r\000r\000o\000r\000'\000'\000:}{section.4}% 16
\BOOKMARK [1][-]{section.5}{\376\377\000S\000h\000o\000r\000t\000\040\000t\000u\000t\000o\000r\000i\000a\000l\000\040\000o\000n\000\040\000p\000r\000i\000m\000a\000r\000y\000\040\000f\000u\000n\000c\000t\000i\000o\000n\000s}{}% 17
\BOOKMARK [2][-]{subsection.5.1}{\376\377\000g\000g\000b\000e\000t\000w\000e\000e\000n\000s\000t\000a\000t\000s}{section.5}% 18
\BOOKMARK [2][-]{subsection.5.2}{\376\377\000g\000g\000w\000i\000t\000h\000i\000n\000s\000t\000a\000t\000s}{section.5}% 19
\BOOKMARK [2][-]{subsection.5.3}{\376\377\000g\000g\000s\000c\000a\000t\000t\000e\000r\000s\000t\000a\000t\000s}{section.5}% 20
\BOOKMARK [2][-]{subsection.5.4}{\376\377\000g\000g\000p\000i\000e\000s\000t\000a\000t\000s}{section.5}% 21
\BOOKMARK [2][-]{subsection.5.5}{\376\377\000g\000g\000b\000a\000r\000s\000t\000a\000t\000s}{section.5}% 22
\BOOKMARK [2][-]{subsection.5.6}{\376\377\000g\000g\000h\000i\000s\000t\000o\000s\000t\000a\000t\000s}{section.5}% 23
\BOOKMARK [2][-]{subsection.5.7}{\376\377\000g\000g\000d\000o\000t\000p\000l\000o\000t\000s\000t\000a\000t\000s}{section.5}% 24
\BOOKMARK [2][-]{subsection.5.8}{\376\377\000g\000g\000c\000o\000r\000r\000m\000a\000t}{section.5}% 25
\BOOKMARK [2][-]{subsection.5.9}{\376\377\000g\000g\000c\000o\000e\000f\000s\000t\000a\000t\000s}{section.5}% 26
\BOOKMARK [2][-]{subsection.5.10}{\376\377\000W\000o\000r\000k\000i\000n\000g\000\040\000w\000i\000t\000h\000\040\000c\000u\000s\000t\000o\000m\000\040\000p\000l\000o\000t\000s}{section.5}% 27
\BOOKMARK [2][-]{subsection.5.11}{\376\377\000O\000v\000e\000r\000a\000l\000l\000\040\000c\000o\000n\000s\000i\000s\000t\000e\000n\000c\000y\000\040\000i\000n\000\040\000A\000P\000I}{section.5}% 28
\BOOKMARK [2][-]{subsection.5.12}{\376\377\000H\000e\000l\000p\000f\000u\000l\000\040\000m\000e\000s\000s\000a\000g\000e\000s\000\040\000a\000n\000d\000\040\000a\000e\000s\000t\000h\000e\000t\000i\000c\000\040\000m\000o\000d\000i\000f\000i\000c\000a\000t\000i\000o\000n\000s}{section.5}% 29
\BOOKMARK [1][-]{section.6}{\376\377\000A\000c\000k\000n\000o\000w\000l\000e\000d\000g\000m\000e\000n\000t\000s}{}% 30
\BOOKMARK [1][-]{section.7}{\376\377\000A\000p\000p\000e\000n\000d\000i\000x}{}% 31
\BOOKMARK [2][-]{subsection.7.1}{\376\377\000A\000p\000p\000e\000n\000d\000i\000x\000\040\000A\000:\000\040\000D\000o\000c\000u\000m\000e\000n\000t\000a\000t\000i\000o\000n}{section.7}% 32
\BOOKMARK [2][-]{subsection.7.2}{\376\377\000A\000p\000p\000e\000n\000d\000i\000x\000\040\000B\000:\000\040\000S\000u\000g\000g\000e\000s\000t\000i\000o\000n\000s}{section.7}% 33
\BOOKMARK [2][-]{subsection.7.3}{\376\377\000A\000p\000p\000e\000n\000d\000i\000x\000\040\000C\000:\000\040\000C\000o\000n\000t\000r\000i\000b\000u\000t\000i\000n\000g}{section.7}% 34
\BOOKMARK [2][-]{subsection.7.4}{\376\377\000A\000p\000p\000e\000n\000d\000i\000x\000\040\000D\000:\000\040\000S\000e\000s\000s\000i\000o\000n\000\040\000i\000n\000f\000o\000r\000m\000a\000t\000i\000o\000n}{section.7}% 35
\BOOKMARK [1][-]{section*.2}{\376\377\000R\000e\000f\000e\000r\000e\000n\000c\000e\000s}{}% 36
