This is pdfTeX, Version 3.14159265-2.6-1.40.19 (MiKTeX 2.9.6730 64-bit) (preloaded format=pdflatex 2018.7.5)  8 AUG 2019 17:03
entering extended mode
**./paper.tex
(paper.tex
LaTeX2e <2018-04-01> patch level 5
("C:\Program Files\MiKTeX 2.9\tex\latex\base\article.cls"
Document Class: article 2014/09/29 v1.4h Standard LaTeX document class
("C:\Program Files\MiKTeX 2.9\tex\latex\base\size10.clo"
File: size10.clo 2014/09/29 v1.4h Standard LaTeX file (size option)
)
\c@part=\count80
\c@section=\count81
\c@subsection=\count82
\c@subsubsection=\count83
\c@paragraph=\count84
\c@subparagraph=\count85
\c@figure=\count86
\c@table=\count87
\abovecaptionskip=\skip41
\belowcaptionskip=\skip42
\bibindent=\dimen102
) ("C:\Program Files\MiKTeX 2.9\tex\latex\lm\lmodern.sty"
Package: lmodern 2009/10/30 v1.6 Latin Modern Fonts
LaTeX Font Info:    Overwriting symbol font `operators' in version `normal'
(Font)                  OT1/cmr/m/n --> OT1/lmr/m/n on input line 22.
LaTeX Font Info:    Overwriting symbol font `letters' in version `normal'
(Font)                  OML/cmm/m/it --> OML/lmm/m/it on input line 23.
LaTeX Font Info:    Overwriting symbol font `symbols' in version `normal'
(Font)                  OMS/cmsy/m/n --> OMS/lmsy/m/n on input line 24.
LaTeX Font Info:    Overwriting symbol font `largesymbols' in version `normal'
(Font)                  OMX/cmex/m/n --> OMX/lmex/m/n on input line 25.
LaTeX Font Info:    Overwriting symbol font `operators' in version `bold'
(Font)                  OT1/cmr/bx/n --> OT1/lmr/bx/n on input line 26.
LaTeX Font Info:    Overwriting symbol font `letters' in version `bold'
(Font)                  OML/cmm/b/it --> OML/lmm/b/it on input line 27.
LaTeX Font Info:    Overwriting symbol font `symbols' in version `bold'
(Font)                  OMS/cmsy/b/n --> OMS/lmsy/b/n on input line 28.
LaTeX Font Info:    Overwriting symbol font `largesymbols' in version `bold'
(Font)                  OMX/cmex/m/n --> OMX/lmex/m/n on input line 29.
LaTeX Font Info:    Overwriting math alphabet `\mathbf' in version `normal'
(Font)                  OT1/cmr/bx/n --> OT1/lmr/bx/n on input line 31.
LaTeX Font Info:    Overwriting math alphabet `\mathsf' in version `normal'
(Font)                  OT1/cmss/m/n --> OT1/lmss/m/n on input line 32.
LaTeX Font Info:    Overwriting math alphabet `\mathit' in version `normal'
(Font)                  OT1/cmr/m/it --> OT1/lmr/m/it on input line 33.
LaTeX Font Info:    Overwriting math alphabet `\mathtt' in version `normal'
(Font)                  OT1/cmtt/m/n --> OT1/lmtt/m/n on input line 34.
LaTeX Font Info:    Overwriting math alphabet `\mathbf' in version `bold'
(Font)                  OT1/cmr/bx/n --> OT1/lmr/bx/n on input line 35.
LaTeX Font Info:    Overwriting math alphabet `\mathsf' in version `bold'
(Font)                  OT1/cmss/bx/n --> OT1/lmss/bx/n on input line 36.
LaTeX Font Info:    Overwriting math alphabet `\mathit' in version `bold'
(Font)                  OT1/cmr/bx/it --> OT1/lmr/bx/it on input line 37.
LaTeX Font Info:    Overwriting math alphabet `\mathtt' in version `bold'
(Font)                  OT1/cmtt/m/n --> OT1/lmtt/m/n on input line 38.
) ("C:\Program Files\MiKTeX 2.9\tex\latex\amsfonts\amssymb.sty"
Package: amssymb 2013/01/14 v3.01 AMS font symbols
("C:\Program Files\MiKTeX 2.9\tex\latex\amsfonts\amsfonts.sty"
Package: amsfonts 2013/01/14 v3.01 Basic AMSFonts support
\@emptytoks=\toks14
\symAMSa=\mathgroup4
\symAMSb=\mathgroup5
LaTeX Font Info:    Overwriting math alphabet `\mathfrak' in version `bold'
(Font)                  U/euf/m/n --> U/euf/b/n on input line 106.
)) ("C:\Program Files\MiKTeX 2.9\tex\latex\amsmath\amsmath.sty"
Package: amsmath 2017/09/02 v2.17a AMS math features
\@mathmargin=\skip43
For additional information on amsmath, use the `?' option.
("C:\Program Files\MiKTeX 2.9\tex\latex\amsmath\amstext.sty"
Package: amstext 2000/06/29 v2.01 AMS text
("C:\Program Files\MiKTeX 2.9\tex\latex\amsmath\amsgen.sty"
File: amsgen.sty 1999/11/30 v2.0 generic functions
\@emptytoks=\toks15
\ex@=\dimen103
)) ("C:\Program Files\MiKTeX 2.9\tex\latex\amsmath\amsbsy.sty"
Package: amsbsy 1999/11/29 v1.2d Bold Symbols
\pmbraise@=\dimen104
) ("C:\Program Files\MiKTeX 2.9\tex\latex\amsmath\amsopn.sty"
Package: amsopn 2016/03/08 v2.02 operator names
)
\inf@bad=\count88
LaTeX Info: Redefining \frac on input line 213.
\uproot@=\count89
\leftroot@=\count90
LaTeX Info: Redefining \overline on input line 375.
\classnum@=\count91
\DOTSCASE@=\count92
LaTeX Info: Redefining \ldots on input line 472.
LaTeX Info: Redefining \dots on input line 475.
LaTeX Info: Redefining \cdots on input line 596.
\Mathstrutbox@=\box26
\strutbox@=\box27
\big@size=\dimen105
LaTeX Font Info:    Redeclaring font encoding OML on input line 712.
LaTeX Font Info:    Redeclaring font encoding OMS on input line 713.
\macc@depth=\count93
\c@MaxMatrixCols=\count94
\dotsspace@=\muskip10
\c@parentequation=\count95
\dspbrk@lvl=\count96
\tag@help=\toks16
\row@=\count97
\column@=\count98
\maxfields@=\count99
\andhelp@=\toks17
\eqnshift@=\dimen106
\alignsep@=\dimen107
\tagshift@=\dimen108
\tagwidth@=\dimen109
\totwidth@=\dimen110
\lineht@=\dimen111
\@envbody=\toks18
\multlinegap=\skip44
\multlinetaggap=\skip45
\mathdisplay@stack=\toks19
LaTeX Info: Redefining \[ on input line 2817.
LaTeX Info: Redefining \] on input line 2818.
) ("C:\Program Files\MiKTeX 2.9\tex\generic\ifxetex\ifxetex.sty"
Package: ifxetex 2010/09/12 v0.6 Provides ifxetex conditional
) ("C:\Program Files\MiKTeX 2.9\tex\generic\oberdiek\ifluatex.sty"
Package: ifluatex 2016/05/16 v1.4 Provides the ifluatex switch (HO)
Package ifluatex Info: LuaTeX not detected.
) ("C:\Program Files\MiKTeX 2.9\tex\latex\base\fixltx2e.sty"
Package: fixltx2e 2016/12/29 v2.1a fixes to LaTeX (obsolete)
Applying: [2015/01/01] Old fixltx2e package on input line 46.

Package fixltx2e Warning: fixltx2e is not required with releases after 2015
(fixltx2e)                All fixes are now in the LaTeX kernel.
(fixltx2e)                See the latexrelease package for details.

Already applied: [0000/00/00] Old fixltx2e package on input line 53.
) ("C:\Program Files\MiKTeX 2.9\tex\latex\base\fontenc.sty"
Package: fontenc 2017/04/05 v2.0i Standard LaTeX package
("C:\Program Files\MiKTeX 2.9\tex\latex\base\t1enc.def"
File: t1enc.def 2017/04/05 v2.0i Standard LaTeX file
LaTeX Font Info:    Redeclaring font encoding T1 on input line 48.
)) ("C:\Program Files\MiKTeX 2.9\tex\latex\base\inputenc.sty"
Package: inputenc 2018/04/06 v1.3b Input encoding file
\inpenc@prehook=\toks20
\inpenc@posthook=\toks21
) (C:\Users\inp099\AppData\Roaming\MiKTeX\2.9\tex\latex\upquote\upquote.sty
Package: upquote 2012/04/19 v1.3 upright-quote and grave-accent glyphs in verba
tim
("C:\Program Files\MiKTeX 2.9\tex\latex\base\textcomp.sty"
Package: textcomp 2017/04/05 v2.0i Standard LaTeX package
Package textcomp Info: Sub-encoding information:
(textcomp)               5 = only ISO-Adobe without \textcurrency
(textcomp)               4 = 5 + \texteuro
(textcomp)               3 = 4 + \textohm
(textcomp)               2 = 3 + \textestimated + \textcurrency
(textcomp)               1 = TS1 - \textcircled - \t
(textcomp)               0 = TS1 (full)
(textcomp)             Font families with sub-encoding setting implement
(textcomp)             only a restricted character set as indicated.
(textcomp)             Family '?' is the default used for unknown fonts.
(textcomp)             See the documentation for details.
Package textcomp Info: Setting ? sub-encoding to TS1/1 on input line 79.
("C:\Program Files\MiKTeX 2.9\tex\latex\base\ts1enc.def"
File: ts1enc.def 2001/06/05 v3.0e (jk/car/fm) Standard LaTeX file
Now handling font encoding TS1 ...
... processing UTF-8 mapping file for font encoding TS1
("C:\Program Files\MiKTeX 2.9\tex\latex\base\ts1enc.dfu"
File: ts1enc.dfu 2018/04/05 v1.2c UTF-8 support for inputenc
   defining Unicode char U+00A2 (decimal 162)
   defining Unicode char U+00A3 (decimal 163)
   defining Unicode char U+00A4 (decimal 164)
   defining Unicode char U+00A5 (decimal 165)
   defining Unicode char U+00A6 (decimal 166)
   defining Unicode char U+00A7 (decimal 167)
   defining Unicode char U+00A8 (decimal 168)
   defining Unicode char U+00A9 (decimal 169)
   defining Unicode char U+00AA (decimal 170)
   defining Unicode char U+00AC (decimal 172)
   defining Unicode char U+00AE (decimal 174)
   defining Unicode char U+00AF (decimal 175)
   defining Unicode char U+00B0 (decimal 176)
   defining Unicode char U+00B1 (decimal 177)
   defining Unicode char U+00B2 (decimal 178)
   defining Unicode char U+00B3 (decimal 179)
   defining Unicode char U+00B4 (decimal 180)
   defining Unicode char U+00B5 (decimal 181)
   defining Unicode char U+00B6 (decimal 182)
   defining Unicode char U+00B7 (decimal 183)
   defining Unicode char U+00B9 (decimal 185)
   defining Unicode char U+00BA (decimal 186)
   defining Unicode char U+00BC (decimal 188)
   defining Unicode char U+00BD (decimal 189)
   defining Unicode char U+00BE (decimal 190)
   defining Unicode char U+00D7 (decimal 215)
   defining Unicode char U+00F7 (decimal 247)
   defining Unicode char U+0192 (decimal 402)
   defining Unicode char U+02C7 (decimal 711)
   defining Unicode char U+02D8 (decimal 728)
   defining Unicode char U+02DD (decimal 733)
   defining Unicode char U+0E3F (decimal 3647)
   defining Unicode char U+2016 (decimal 8214)
   defining Unicode char U+2020 (decimal 8224)
   defining Unicode char U+2021 (decimal 8225)
   defining Unicode char U+2022 (decimal 8226)
   defining Unicode char U+2030 (decimal 8240)
   defining Unicode char U+2031 (decimal 8241)
   defining Unicode char U+203B (decimal 8251)
   defining Unicode char U+203D (decimal 8253)
   defining Unicode char U+2044 (decimal 8260)
   defining Unicode char U+204E (decimal 8270)
   defining Unicode char U+2052 (decimal 8274)
   defining Unicode char U+20A1 (decimal 8353)
   defining Unicode char U+20A4 (decimal 8356)
   defining Unicode char U+20A6 (decimal 8358)
   defining Unicode char U+20A9 (decimal 8361)
   defining Unicode char U+20AB (decimal 8363)
   defining Unicode char U+20AC (decimal 8364)
   defining Unicode char U+20B1 (decimal 8369)
   defining Unicode char U+2103 (decimal 8451)
   defining Unicode char U+2116 (decimal 8470)
   defining Unicode char U+2117 (decimal 8471)
   defining Unicode char U+211E (decimal 8478)
   defining Unicode char U+2120 (decimal 8480)
   defining Unicode char U+2122 (decimal 8482)
   defining Unicode char U+2126 (decimal 8486)
   defining Unicode char U+2127 (decimal 8487)
   defining Unicode char U+212E (decimal 8494)
   defining Unicode char U+2190 (decimal 8592)
   defining Unicode char U+2191 (decimal 8593)
   defining Unicode char U+2192 (decimal 8594)
   defining Unicode char U+2193 (decimal 8595)
   defining Unicode char U+2329 (decimal 9001)
   defining Unicode char U+232A (decimal 9002)
   defining Unicode char U+2422 (decimal 9250)
   defining Unicode char U+25E6 (decimal 9702)
   defining Unicode char U+25EF (decimal 9711)
   defining Unicode char U+266A (decimal 9834)
   defining Unicode char U+FEFF (decimal 65279)
))
LaTeX Info: Redefining \oldstylenums on input line 334.
Package textcomp Info: Setting cmr sub-encoding to TS1/0 on input line 349.
Package textcomp Info: Setting cmss sub-encoding to TS1/0 on input line 350.
Package textcomp Info: Setting cmtt sub-encoding to TS1/0 on input line 351.
Package textcomp Info: Setting cmvtt sub-encoding to TS1/0 on input line 352.
Package textcomp Info: Setting cmbr sub-encoding to TS1/0 on input line 353.
Package textcomp Info: Setting cmtl sub-encoding to TS1/0 on input line 354.
Package textcomp Info: Setting ccr sub-encoding to TS1/0 on input line 355.
Package textcomp Info: Setting ptm sub-encoding to TS1/4 on input line 356.
Package textcomp Info: Setting pcr sub-encoding to TS1/4 on input line 357.
Package textcomp Info: Setting phv sub-encoding to TS1/4 on input line 358.
Package textcomp Info: Setting ppl sub-encoding to TS1/3 on input line 359.
Package textcomp Info: Setting pag sub-encoding to TS1/4 on input line 360.
Package textcomp Info: Setting pbk sub-encoding to TS1/4 on input line 361.
Package textcomp Info: Setting pnc sub-encoding to TS1/4 on input line 362.
Package textcomp Info: Setting pzc sub-encoding to TS1/4 on input line 363.
Package textcomp Info: Setting bch sub-encoding to TS1/4 on input line 364.
Package textcomp Info: Setting put sub-encoding to TS1/5 on input line 365.
Package textcomp Info: Setting uag sub-encoding to TS1/5 on input line 366.
Package textcomp Info: Setting ugq sub-encoding to TS1/5 on input line 367.
Package textcomp Info: Setting ul8 sub-encoding to TS1/4 on input line 368.
Package textcomp Info: Setting ul9 sub-encoding to TS1/4 on input line 369.
Package textcomp Info: Setting augie sub-encoding to TS1/5 on input line 370.
Package textcomp Info: Setting dayrom sub-encoding to TS1/3 on input line 371.
Package textcomp Info: Setting dayroms sub-encoding to TS1/3 on input line 372.

Package textcomp Info: Setting pxr sub-encoding to TS1/0 on input line 373.
Package textcomp Info: Setting pxss sub-encoding to TS1/0 on input line 374.
Package textcomp Info: Setting pxtt sub-encoding to TS1/0 on input line 375.
Package textcomp Info: Setting txr sub-encoding to TS1/0 on input line 376.
Package textcomp Info: Setting txss sub-encoding to TS1/0 on input line 377.
Package textcomp Info: Setting txtt sub-encoding to TS1/0 on input line 378.
Package textcomp Info: Setting lmr sub-encoding to TS1/0 on input line 379.
Package textcomp Info: Setting lmdh sub-encoding to TS1/0 on input line 380.
Package textcomp Info: Setting lmss sub-encoding to TS1/0 on input line 381.
Package textcomp Info: Setting lmssq sub-encoding to TS1/0 on input line 382.
Package textcomp Info: Setting lmvtt sub-encoding to TS1/0 on input line 383.
Package textcomp Info: Setting lmtt sub-encoding to TS1/0 on input line 384.
Package textcomp Info: Setting qhv sub-encoding to TS1/0 on input line 385.
Package textcomp Info: Setting qag sub-encoding to TS1/0 on input line 386.
Package textcomp Info: Setting qbk sub-encoding to TS1/0 on input line 387.
Package textcomp Info: Setting qcr sub-encoding to TS1/0 on input line 388.
Package textcomp Info: Setting qcs sub-encoding to TS1/0 on input line 389.
Package textcomp Info: Setting qpl sub-encoding to TS1/0 on input line 390.
Package textcomp Info: Setting qtm sub-encoding to TS1/0 on input line 391.
Package textcomp Info: Setting qzc sub-encoding to TS1/0 on input line 392.
Package textcomp Info: Setting qhvc sub-encoding to TS1/0 on input line 393.
Package textcomp Info: Setting futs sub-encoding to TS1/4 on input line 394.
Package textcomp Info: Setting futx sub-encoding to TS1/4 on input line 395.
Package textcomp Info: Setting futj sub-encoding to TS1/4 on input line 396.
Package textcomp Info: Setting hlh sub-encoding to TS1/3 on input line 397.
Package textcomp Info: Setting hls sub-encoding to TS1/3 on input line 398.
Package textcomp Info: Setting hlst sub-encoding to TS1/3 on input line 399.
Package textcomp Info: Setting hlct sub-encoding to TS1/5 on input line 400.
Package textcomp Info: Setting hlx sub-encoding to TS1/5 on input line 401.
Package textcomp Info: Setting hlce sub-encoding to TS1/5 on input line 402.
Package textcomp Info: Setting hlcn sub-encoding to TS1/5 on input line 403.
Package textcomp Info: Setting hlcw sub-encoding to TS1/5 on input line 404.
Package textcomp Info: Setting hlcf sub-encoding to TS1/5 on input line 405.
Package textcomp Info: Setting pplx sub-encoding to TS1/3 on input line 406.
Package textcomp Info: Setting pplj sub-encoding to TS1/3 on input line 407.
Package textcomp Info: Setting ptmx sub-encoding to TS1/4 on input line 408.
Package textcomp Info: Setting ptmj sub-encoding to TS1/4 on input line 409.
)) (C:\Users\inp099\AppData\Roaming\MiKTeX\2.9\tex\latex\microtype\microtype.st
y
Package: microtype 2018/01/14 v2.7a Micro-typographical refinements (RS)
("C:\Program Files\MiKTeX 2.9\tex\latex\graphics\keyval.sty"
Package: keyval 2014/10/28 v1.15 key=value parser (DPC)
\KV@toks@=\toks22
)
\MT@toks=\toks23
\MT@count=\count100
LaTeX Info: Redefining \textls on input line 793.
\MT@outer@kern=\dimen112
LaTeX Info: Redefining \textmicrotypecontext on input line 1339.
\MT@listname@count=\count101

(C:\Users\inp099\AppData\Roaming\MiKTeX\2.9\tex\latex\microtype\microtype-pdfte
x.def
File: microtype-pdftex.def 2018/01/14 v2.7a Definitions specific to pdftex (RS)

LaTeX Info: Redefining \lsstyle on input line 913.
LaTeX Info: Redefining \lslig on input line 913.
\MT@outer@space=\skip46
)
Package microtype Info: Loading configuration file microtype.cfg.
(C:\Users\inp099\AppData\Roaming\MiKTeX\2.9\tex\latex\microtype\microtype.cfg
File: microtype.cfg 2018/01/14 v2.7a microtype main configuration file (RS)
)) ("C:\Program Files\MiKTeX 2.9\tex\latex\geometry\geometry.sty"
Package: geometry 2018/04/16 v5.8 Page Geometry
("C:\Program Files\MiKTeX 2.9\tex\generic\oberdiek\ifpdf.sty"
Package: ifpdf 2017/03/15 v3.2 Provides the ifpdf switch
) ("C:\Program Files\MiKTeX 2.9\tex\generic\oberdiek\ifvtex.sty"
Package: ifvtex 2016/05/16 v1.6 Detect VTeX and its facilities (HO)
Package ifvtex Info: VTeX not detected.
)
\Gm@cnth=\count102
\Gm@cntv=\count103
\c@Gm@tempcnt=\count104
\Gm@bindingoffset=\dimen113
\Gm@wd@mp=\dimen114
\Gm@odd@mp=\dimen115
\Gm@even@mp=\dimen116
\Gm@layoutwidth=\dimen117
\Gm@layoutheight=\dimen118
\Gm@layouthoffset=\dimen119
\Gm@layoutvoffset=\dimen120
\Gm@dimlist=\toks24
("C:\Program Files\MiKTeX 2.9\tex\latex\geometry\geometry.cfg")) ("C:\Program F
iles\MiKTeX 2.9\tex\latex\hyperref\hyperref.sty"
Package: hyperref 2018/02/06 v6.86b Hypertext links for LaTeX
("C:\Program Files\MiKTeX 2.9\tex\generic\oberdiek\hobsub-hyperref.sty"
Package: hobsub-hyperref 2016/05/16 v1.14 Bundle oberdiek, subset hyperref (HO)

("C:\Program Files\MiKTeX 2.9\tex\generic\oberdiek\hobsub-generic.sty"
Package: hobsub-generic 2016/05/16 v1.14 Bundle oberdiek, subset generic (HO)
Package: hobsub 2016/05/16 v1.14 Construct package bundles (HO)
Package: infwarerr 2016/05/16 v1.4 Providing info/warning/error messages (HO)
Package: ltxcmds 2016/05/16 v1.23 LaTeX kernel commands for general use (HO)
Package hobsub Info: Skipping package `ifluatex' (already loaded).
Package hobsub Info: Skipping package `ifvtex' (already loaded).
Package: intcalc 2016/05/16 v1.2 Expandable calculations with integers (HO)
Package hobsub Info: Skipping package `ifpdf' (already loaded).
Package: etexcmds 2016/05/16 v1.6 Avoid name clashes with e-TeX commands (HO)
Package etexcmds Info: Could not find \expanded.
(etexcmds)             That can mean that you are not using pdfTeX 1.50 or
(etexcmds)             that some package has redefined \expanded.
(etexcmds)             In the latter case, load this package earlier.
Package: kvsetkeys 2016/05/16 v1.17 Key value parser (HO)
Package: kvdefinekeys 2016/05/16 v1.4 Define keys (HO)
Package: pdftexcmds 2018/01/30 v0.27 Utility functions of pdfTeX for LuaTeX (HO
)
Package pdftexcmds Info: LuaTeX not detected.
Package pdftexcmds Info: \pdf@primitive is available.
Package pdftexcmds Info: \pdf@ifprimitive is available.
Package pdftexcmds Info: \pdfdraftmode found.
Package: pdfescape 2016/05/16 v1.14 Implements pdfTeX's escape features (HO)
Package: bigintcalc 2016/05/16 v1.4 Expandable calculations on big integers (HO
)
Package: bitset 2016/05/16 v1.2 Handle bit-vector datatype (HO)
Package: uniquecounter 2016/05/16 v1.3 Provide unlimited unique counter (HO)
)
Package hobsub Info: Skipping package `hobsub' (already loaded).
Package: letltxmacro 2016/05/16 v1.5 Let assignment for LaTeX macros (HO)
Package: hopatch 2016/05/16 v1.3 Wrapper for package hooks (HO)
Package: xcolor-patch 2016/05/16 xcolor patch
Package: atveryend 2016/05/16 v1.9 Hooks at the very end of document (HO)
Package atveryend Info: \enddocument detected (standard20110627).
Package: atbegshi 2016/06/09 v1.18 At begin shipout hook (HO)
Package: refcount 2016/05/16 v3.5 Data extraction from label references (HO)
Package: hycolor 2016/05/16 v1.8 Color options for hyperref/bookmark (HO)
) ("C:\Program Files\MiKTeX 2.9\tex\latex\oberdiek\auxhook.sty"
Package: auxhook 2016/05/16 v1.4 Hooks for auxiliary files (HO)
) ("C:\Program Files\MiKTeX 2.9\tex\latex\oberdiek\kvoptions.sty"
Package: kvoptions 2016/05/16 v3.12 Key value format for package options (HO)
)
\@linkdim=\dimen121
\Hy@linkcounter=\count105
\Hy@pagecounter=\count106
("C:\Program Files\MiKTeX 2.9\tex\latex\hyperref\pd1enc.def"
File: pd1enc.def 2018/02/06 v6.86b Hyperref: PDFDocEncoding definition (HO)
Now handling font encoding PD1 ...
... no UTF-8 mapping file for font encoding PD1
)
\Hy@SavedSpaceFactor=\count107
("C:\Program Files\MiKTeX 2.9\tex\latex\00miktex\hyperref.cfg"
File: hyperref.cfg 2002/06/06 v1.2 hyperref configuration of TeXLive
)
Package hyperref Info: Hyper figures OFF on input line 4509.
Package hyperref Info: Link nesting OFF on input line 4514.
Package hyperref Info: Hyper index ON on input line 4517.
Package hyperref Info: Plain pages OFF on input line 4524.
Package hyperref Info: Backreferencing OFF on input line 4529.
Package hyperref Info: Implicit mode ON; LaTeX internals redefined.
Package hyperref Info: Bookmarks ON on input line 4762.
\c@Hy@tempcnt=\count108
(C:\Users\inp099\AppData\Roaming\MiKTeX\2.9\tex\latex\url\url.sty
\Urlmuskip=\muskip11
Package: url 2013/09/16  ver 3.4  Verb mode for urls, etc.
)
LaTeX Info: Redefining \url on input line 5115.
\XeTeXLinkMargin=\dimen122
\Fld@menulength=\count109
\Field@Width=\dimen123
\Fld@charsize=\dimen124
Package hyperref Info: Hyper figures OFF on input line 6369.
Package hyperref Info: Link nesting OFF on input line 6374.
Package hyperref Info: Hyper index ON on input line 6377.
Package hyperref Info: backreferencing OFF on input line 6384.
Package hyperref Info: Link coloring OFF on input line 6389.
Package hyperref Info: Link coloring with OCG OFF on input line 6394.
Package hyperref Info: PDF/A mode OFF on input line 6399.
LaTeX Info: Redefining \ref on input line 6439.
LaTeX Info: Redefining \pageref on input line 6443.
\Hy@abspage=\count110
\c@Item=\count111
\c@Hfootnote=\count112
)
Package hyperref Info: Driver (autodetected): hpdftex.
("C:\Program Files\MiKTeX 2.9\tex\latex\hyperref\hpdftex.def"
File: hpdftex.def 2018/02/06 v6.86b Hyperref driver for pdfTeX
\Fld@listcount=\count113
\c@bookmark@seq@number=\count114
("C:\Program Files\MiKTeX 2.9\tex\latex\oberdiek\rerunfilecheck.sty"
Package: rerunfilecheck 2016/05/16 v1.8 Rerun checks for auxiliary files (HO)
Package uniquecounter Info: New unique counter `rerunfilecheck' on input line 2
82.
)
\Hy@SectionHShift=\skip47
)
Package hyperref Info: Option `unicode' set `true' on input line 34.
("C:\Program Files\MiKTeX 2.9\tex\latex\hyperref\puenc.def"
File: puenc.def 2018/02/06 v6.86b Hyperref: PDF Unicode definition (HO)
Now handling font encoding PU ...
... no UTF-8 mapping file for font encoding PU
)
Package hyperref Info: Option `colorlinks' set `true' on input line 34.
Package hyperref Info: Option `breaklinks' set `true' on input line 34.
("C:\Program Files\MiKTeX 2.9\tex\latex\graphics\color.sty"
Package: color 2016/07/10 v1.1e Standard LaTeX Color (DPC)
("C:\Program Files\MiKTeX 2.9\tex\latex\graphics-cfg\color.cfg"
File: color.cfg 2016/01/02 v1.6 sample color configuration
)
Package color Info: Driver file: pdftex.def on input line 147.
("C:\Program Files\MiKTeX 2.9\tex\latex\graphics-def\pdftex.def"
File: pdftex.def 2018/01/08 v1.0l Graphics/color driver for pdftex
) ("C:\Program Files\MiKTeX 2.9\tex\latex\graphics\dvipsnam.def"
File: dvipsnam.def 2016/06/17 v3.0m Driver-dependent file (DPC,SPQR)
)) (C:\Users\inp099\AppData\Roaming\MiKTeX\2.9\tex\latex\fancyvrb\fancyvrb.sty
Package: fancyvrb 2008/02/07

Style option: `fancyvrb' v2.7a, with DG/SPQR fixes, and firstline=lastline fix 
<2008/02/07> (tvz)
\FV@CodeLineNo=\count115
\FV@InFile=\read1
\FV@TabBox=\box28
\c@FancyVerbLine=\count116
\FV@StepNumber=\count117
\FV@OutFile=\write3
) (C:\Users\inp099\AppData\Roaming\MiKTeX\2.9\tex\latex\framed\framed.sty
Package: framed 2011/10/22 v 0.96: framed or shaded text with page breaks
\OuterFrameSep=\skip48
\fb@frw=\dimen125
\fb@frh=\dimen126
\FrameRule=\dimen127
\FrameSep=\dimen128
) ("C:\Program Files\MiKTeX 2.9\tex\latex\tools\longtable.sty"
Package: longtable 2014/10/28 v4.11 Multi-page Table package (DPC)
\LTleft=\skip49
\LTright=\skip50
\LTpre=\skip51
\LTpost=\skip52
\LTchunksize=\count118
\LTcapwidth=\dimen129
\LT@head=\box29
\LT@firsthead=\box30
\LT@foot=\box31
\LT@lastfoot=\box32
\LT@cols=\count119
\LT@rows=\count120
\c@LT@tables=\count121
\c@LT@chunks=\count122
\LT@p@ftn=\toks25
) (C:\Users\inp099\AppData\Roaming\MiKTeX\2.9\tex\latex\booktabs\booktabs.sty
Package: booktabs 2005/04/14 v1.61803 publication quality tables
\heavyrulewidth=\dimen130
\lightrulewidth=\dimen131
\cmidrulewidth=\dimen132
\belowrulesep=\dimen133
\belowbottomsep=\dimen134
\aboverulesep=\dimen135
\abovetopsep=\dimen136
\cmidrulesep=\dimen137
\cmidrulekern=\dimen138
\defaultaddspace=\dimen139
\@cmidla=\count123
\@cmidlb=\count124
\@aboverulesep=\dimen140
\@belowrulesep=\dimen141
\@thisruleclass=\count125
\@lastruleclass=\count126
\@thisrulewidth=\dimen142
) ("C:\Program Files\MiKTeX 2.9\tex\latex\graphics\graphicx.sty"
Package: graphicx 2017/06/01 v1.1a Enhanced LaTeX Graphics (DPC,SPQR)
("C:\Program Files\MiKTeX 2.9\tex\latex\graphics\graphics.sty"
Package: graphics 2017/06/25 v1.2c Standard LaTeX Graphics (DPC,SPQR)
("C:\Program Files\MiKTeX 2.9\tex\latex\graphics\trig.sty"
Package: trig 2016/01/03 v1.10 sin cos tan (DPC)
) ("C:\Program Files\MiKTeX 2.9\tex\latex\graphics-cfg\graphics.cfg"
File: graphics.cfg 2016/06/04 v1.11 sample graphics configuration
)
Package graphics Info: Driver file: pdftex.def on input line 99.
)
\Gin@req@height=\dimen143
\Gin@req@width=\dimen144
) ("C:\Program Files\MiKTeX 2.9\tex\latex\oberdiek\grffile.sty"
Package: grffile 2017/06/30 v1.18 Extended file name support for graphics (HO)
Package grffile Info: Option `multidot' is set to `true'.
Package grffile Info: Option `extendedchars' is set to `false'.
Package grffile Info: Option `space' is set to `true'.
Package grffile Info: \Gin@ii of package `graphicx' fixed on input line 494.
) (C:\Users\inp099\AppData\Roaming\MiKTeX\2.9\tex\latex\parskip\parskip.sty
Package: parskip 2018-08-24 v2.0a non-zero parskip adjustments
(C:\Users\inp099\AppData\Roaming\MiKTeX\2.9\tex\latex\etoolbox\etoolbox.sty
Package: etoolbox 2018/02/11 v2.5e e-TeX tools for LaTeX (JAW)
\etb@tempcnta=\count127
)) (C:\Users\inp099\AppData\Roaming\MiKTeX\2.9\tex\latex\titling\titling.sty
Package: titling 2009/09/04 v2.1d maketitle typesetting
\thanksmarkwidth=\skip53
\thanksmargin=\skip54
\droptitle=\skip55
) ("C:\Program Files\MiKTeX 2.9\tex\latex\float\float.sty"
Package: float 2001/11/08 v1.3d Float enhancements (AL)
\c@float@type=\count128
\float@exts=\toks26
\float@box=\box33
\@float@everytoks=\toks27
\@floatcapt=\box34
) (C:\Users\inp099\AppData\Roaming\MiKTeX\2.9\tex\latex\xcolor\xcolor.sty
Package: xcolor 2016/05/11 v2.12 LaTeX color extensions (UK)
("C:\Program Files\MiKTeX 2.9\tex\latex\graphics-cfg\color.cfg"
File: color.cfg 2016/01/02 v1.6 sample color configuration
)
Package xcolor Info: Driver file: pdftex.def on input line 225.
LaTeX Info: Redefining \color on input line 709.
Package xcolor Info: Model `cmy' substituted by `cmy0' on input line 1348.
Package xcolor Info: Model `hsb' substituted by `rgb' on input line 1352.
Package xcolor Info: Model `RGB' extended on input line 1364.
Package xcolor Info: Model `HTML' substituted by `rgb' on input line 1366.
Package xcolor Info: Model `Hsb' substituted by `hsb' on input line 1367.
Package xcolor Info: Model `tHsb' substituted by `hsb' on input line 1368.
Package xcolor Info: Model `HSB' substituted by `hsb' on input line 1369.
Package xcolor Info: Model `Gray' substituted by `gray' on input line 1370.
Package xcolor Info: Model `wave' substituted by `hsb' on input line 1371.
("C:\Program Files\MiKTeX 2.9\tex\latex\graphics\dvipsnam.def"
File: dvipsnam.def 2016/06/17 v3.0m Driver-dependent file (DPC,SPQR)
))
(C:\Users\inp099\AppData\Roaming\MiKTeX\2.9\tex\latex\fontawesome\fontawesome.s
ty
Package: fontawesome 2016/05/15 v4.6.3.1 font awesome icons

(C:\Users\inp099\AppData\Roaming\MiKTeX\2.9\tex\latex\fontawesome\fontawesomesy
mbols-generic.tex)
(C:\Users\inp099\AppData\Roaming\MiKTeX\2.9\tex\latex\fontawesome\fontawesomesy
mbols-pdftex.tex)) (paper.aux)
\openout1 = `paper.aux'.

LaTeX Font Info:    Checking defaults for OML/cmm/m/it on input line 143.
LaTeX Font Info:    ... okay on input line 143.
LaTeX Font Info:    Checking defaults for T1/cmr/m/n on input line 143.
LaTeX Font Info:    ... okay on input line 143.
LaTeX Font Info:    Checking defaults for OT1/cmr/m/n on input line 143.
LaTeX Font Info:    ... okay on input line 143.
LaTeX Font Info:    Checking defaults for OMS/cmsy/m/n on input line 143.
LaTeX Font Info:    ... okay on input line 143.
LaTeX Font Info:    Checking defaults for OMX/cmex/m/n on input line 143.
LaTeX Font Info:    ... okay on input line 143.
LaTeX Font Info:    Checking defaults for U/cmr/m/n on input line 143.
LaTeX Font Info:    ... okay on input line 143.
LaTeX Font Info:    Checking defaults for TS1/cmr/m/n on input line 143.
LaTeX Font Info:    Try loading font information for TS1+cmr on input line 143.

("C:\Program Files\MiKTeX 2.9\tex\latex\base\ts1cmr.fd"
File: ts1cmr.fd 2014/09/29 v2.5h Standard LaTeX font definitions
)
LaTeX Font Info:    ... okay on input line 143.
LaTeX Font Info:    Checking defaults for PD1/pdf/m/n on input line 143.
LaTeX Font Info:    ... okay on input line 143.
LaTeX Font Info:    Checking defaults for PU/pdf/m/n on input line 143.
LaTeX Font Info:    ... okay on input line 143.
LaTeX Font Info:    Try loading font information for T1+lmr on input line 143.
("C:\Program Files\MiKTeX 2.9\tex\latex\lm\t1lmr.fd"
File: t1lmr.fd 2009/10/30 v1.6 Font defs for Latin Modern
)
LaTeX Info: Redefining \microtypecontext on input line 143.
Package microtype Info: Generating PDF output.
Package microtype Info: Character protrusion enabled (level 2).
Package microtype Info: Using protrusion set `basicmath'.
Package microtype Info: Automatic font expansion enabled (level 2),
(microtype)             stretch: 20, shrink: 20, step: 1, non-selected.
Package microtype Info: Using default expansion set `basictext'.
Package microtype Info: No adjustment of tracking.
Package microtype Info: No adjustment of interword spacing.
Package microtype Info: No adjustment of character kerning.
(C:\Users\inp099\AppData\Roaming\MiKTeX\2.9\tex\latex\microtype\mt-cmr.cfg
File: mt-cmr.cfg 2013/05/19 v2.2 microtype config. file: Computer Modern Roman 
(RS)
)
*geometry* driver: auto-detecting
*geometry* detected driver: pdftex
*geometry* verbose mode - [ preamble ] result:
* driver: pdftex
* paper: <default>
* layout: <same size as paper>
* layoutoffset:(h,v)=(0.0pt,0.0pt)
* modes: 
* h-part:(L,W,R)=(72.26999pt, 469.75502pt, 72.26999pt)
* v-part:(T,H,B)=(72.26999pt, 650.43001pt, 72.26999pt)
* \paperwidth=614.295pt
* \paperheight=794.96999pt
* \textwidth=469.75502pt
* \textheight=650.43001pt
* \oddsidemargin=0.0pt
* \evensidemargin=0.0pt
* \topmargin=-37.0pt
* \headheight=12.0pt
* \headsep=25.0pt
* \topskip=10.0pt
* \footskip=30.0pt
* \marginparwidth=65.0pt
* \marginparsep=11.0pt
* \columnsep=10.0pt
* \skip\footins=9.0pt plus 4.0pt minus 2.0pt
* \hoffset=0.0pt
* \voffset=0.0pt
* \mag=1000
* \@twocolumnfalse
* \@twosidefalse
* \@mparswitchfalse
* \@reversemarginfalse
* (1in=72.27pt=25.4mm, 1cm=28.453pt)

\AtBeginShipoutBox=\box35
Package hyperref Info: Link coloring ON on input line 143.
("C:\Program Files\MiKTeX 2.9\tex\latex\hyperref\nameref.sty"
Package: nameref 2016/05/21 v2.44 Cross-referencing by name of section
("C:\Program Files\MiKTeX 2.9\tex\generic\oberdiek\gettitlestring.sty"
Package: gettitlestring 2016/05/16 v1.5 Cleanup title references (HO)
)
\c@section@level=\count129
)
LaTeX Info: Redefining \ref on input line 143.
LaTeX Info: Redefining \pageref on input line 143.
LaTeX Info: Redefining \nameref on input line 143.
(paper.out) (paper.out)
\@outlinefile=\write4
\openout4 = `paper.out'.

(C:\Users\inp099\AppData\Roaming\MiKTeX\2.9\tex\context\base\supp-pdf.mkii
[Loading MPS to PDF converter (version 2006.09.02).]
\scratchcounter=\count130
\scratchdimen=\dimen145
\scratchbox=\box36
\nofMPsegments=\count131
\nofMParguments=\count132
\everyMPshowfont=\toks28
\MPscratchCnt=\count133
\MPscratchDim=\dimen146
\MPnumerator=\count134
\makeMPintoPDFobject=\count135
\everyMPtoPDFconversion=\toks29
) ("C:\Program Files\MiKTeX 2.9\tex\latex\oberdiek\epstopdf-base.sty"
Package: epstopdf-base 2016/05/15 v2.6 Base part for package epstopdf
("C:\Program Files\MiKTeX 2.9\tex\latex\oberdiek\grfext.sty"
Package: grfext 2016/05/16 v1.2 Manage graphics extensions (HO)
)
Package epstopdf-base Info: Redefining graphics rule for `.eps' on input line 4
38.
Package grfext Info: Graphics extension search list:
(grfext)             [.pdf,.png,.jpg,.mps,.jpeg,.jbig2,.jb2,.PDF,.PNG,.JPG,.JPE
G,.JBIG2,.JB2,.eps]
(grfext)             \AppendGraphicsExtensions on input line 456.
)
LaTeX Font Info:    Try loading font information for OT1+lmr on input line 144.

("C:\Program Files\MiKTeX 2.9\tex\latex\lm\ot1lmr.fd"
File: ot1lmr.fd 2009/10/30 v1.6 Font defs for Latin Modern
)
LaTeX Font Info:    Try loading font information for OML+lmm on input line 144.

("C:\Program Files\MiKTeX 2.9\tex\latex\lm\omllmm.fd"
File: omllmm.fd 2009/10/30 v1.6 Font defs for Latin Modern
)
LaTeX Font Info:    Try loading font information for OMS+lmsy on input line 144
.
("C:\Program Files\MiKTeX 2.9\tex\latex\lm\omslmsy.fd"
File: omslmsy.fd 2009/10/30 v1.6 Font defs for Latin Modern
)
LaTeX Font Info:    Try loading font information for OMX+lmex on input line 144
.
("C:\Program Files\MiKTeX 2.9\tex\latex\lm\omxlmex.fd"
File: omxlmex.fd 2009/10/30 v1.6 Font defs for Latin Modern
)
LaTeX Font Info:    External font `lmex10' loaded for size
(Font)              <12> on input line 144.
LaTeX Font Info:    External font `lmex10' loaded for size
(Font)              <8> on input line 144.
LaTeX Font Info:    External font `lmex10' loaded for size
(Font)              <6> on input line 144.
LaTeX Font Info:    Try loading font information for U+msa on input line 144.
("C:\Program Files\MiKTeX 2.9\tex\latex\amsfonts\umsa.fd"
File: umsa.fd 2013/01/14 v3.01 AMS symbols A
) (C:\Users\inp099\AppData\Roaming\MiKTeX\2.9\tex\latex\microtype\mt-msa.cfg
File: mt-msa.cfg 2006/02/04 v1.1 microtype config. file: AMS symbols (a) (RS)
)
LaTeX Font Info:    Try loading font information for U+msb on input line 144.
("C:\Program Files\MiKTeX 2.9\tex\latex\amsfonts\umsb.fd"
File: umsb.fd 2013/01/14 v3.01 AMS symbols B
) (C:\Users\inp099\AppData\Roaming\MiKTeX\2.9\tex\latex\microtype\mt-msb.cfg
File: mt-msb.cfg 2005/06/01 v1.0 microtype config. file: AMS symbols (b) (RS)
)
LaTeX Font Info:    Try loading font information for TS1+lmr on input line 144.

("C:\Program Files\MiKTeX 2.9\tex\latex\lm\ts1lmr.fd"
File: ts1lmr.fd 2009/10/30 v1.6 Font defs for Latin Modern
)
LaTeX Font Info:    External font `lmex10' loaded for size
(Font)              <5> on input line 144.
(paper.toc
LaTeX Font Info:    Try loading font information for T1+lmtt on input line 2.
("C:\Program Files\MiKTeX 2.9\tex\latex\lm\t1lmtt.fd"
File: t1lmtt.fd 2009/10/30 v1.6 Font defs for Latin Modern
)
LaTeX Font Info:    Font shape `T1/lmtt/bx/n' in size <10> not available
(Font)              Font shape `T1/lmtt/b/n' tried instead on input line 2.
LaTeX Font Info:    External font `lmex10' loaded for size
(Font)              <10> on input line 3.
LaTeX Font Info:    External font `lmex10' loaded for size
(Font)              <7> on input line 3.
)
\tf@toc=\write5
\openout5 = `paper.toc'.

[1

{C:/Users/inp099/AppData/Local/MiKTeX/2.9/pdftex/config/pdftex.map}]
LaTeX Font Info:    Font shape `T1/lmtt/bx/n' in size <14.4> not available
(Font)              Font shape `T1/lmtt/b/n' tried instead on input line 190.

Overfull \hbox (9.69801pt too wide) in paragraph at lines 306--307
[]\T1/lmr/m/n/10 (-20) Parametric|  
 []


Overfull \hbox (7.73438pt too wide) in paragraph at lines 317--318
[]\T1/lmtt/m/n/10 ggbetweenstats|  
 []


Overfull \hbox (2.48439pt too wide) in paragraph at lines 330--331
[]\T1/lmtt/m/n/10 ggwithinstats|  
 []


Overfull \hbox (7.73438pt too wide) in paragraph at lines 343--344
\T1/lmtt/m/n/10 ggdotplotstats|  
 []


Overfull \hbox (7.73438pt too wide) in paragraph at lines 369--370
[]\T1/lmtt/m/n/10 ggscatterstats|  
 []

[2]

Package xcolor Warning: Incompatible color definition on input line 470.


Package xcolor Warning: Incompatible color definition on input line 495.


Package xcolor Warning: Incompatible color definition on input line 495.


Package xcolor Warning: Incompatible color definition on input line 495.

[3]

Package xcolor Warning: Incompatible color definition on input line 495.


Package xcolor Warning: Incompatible color definition on input line 495.

<./figures/paper-fig1-1.png, id=219, 722.7pt x 578.16pt>
File: ./figures/paper-fig1-1.png Graphic file (type png)
<use ./figures/paper-fig1-1.png>
Package pdftex.def Info: ./figures/paper-fig1-1.png  used on input line 498.
(pdftex.def)             Requested size: 469.76045pt x 375.80836pt.
[4pdfTeX warning (ext4): destination with the same identifier (name{figure.1}) 
has been already used, duplicate ignored

\AtBegShi@Output ...ipout \box \AtBeginShipoutBox 
                                                  \fi \fi 
l.515 \end{itemize}
                    <./figures/paper-fig1-1.png (PNG copy)>]

Package xcolor Warning: Incompatible color definition on input line 517.


Package xcolor Warning: Incompatible color definition on input line 536.


Package xcolor Warning: Incompatible color definition on input line 536.

<./figures/paper-fig2-1.png, id=226, 722.7pt x 433.62pt>
File: ./figures/paper-fig2-1.png Graphic file (type png)
<use ./figures/paper-fig2-1.png>
Package pdftex.def Info: ./figures/paper-fig2-1.png  used on input line 539.
(pdftex.def)             Requested size: 469.76045pt x 281.85628pt.
[5pdfTeX warning (ext4): destination with the same identifier (name{figure.2}) 
has been already used, duplicate ignored

\AtBegShi@Output ...ipout \box \AtBeginShipoutBox 
                                                  \fi \fi 
l.560 \end{itemize}
                    <./figures/paper-fig2-1.png>]

Package xcolor Warning: Incompatible color definition on input line 562.

LaTeX Font Info:    Try loading font information for TS1+lmtt on input line 577
.
("C:\Program Files\MiKTeX 2.9\tex\latex\lm\ts1lmtt.fd"
File: ts1lmtt.fd 2009/10/30 v1.6 Font defs for Latin Modern
)

Package xcolor Warning: Incompatible color definition on input line 597.


Package xcolor Warning: Incompatible color definition on input line 597.

<./figures/paper-fig3-1.png, id=235, 722.7pt x 867.24pt>
File: ./figures/paper-fig3-1.png Graphic file (type png)
<use ./figures/paper-fig3-1.png>
Package pdftex.def Info: ./figures/paper-fig3-1.png  used on input line 600.
(pdftex.def)             Requested size: 469.76045pt x 563.71257pt.
[6] [7pdfTeX warning (ext4): destination with the same identifier (name{figure.
3}) has been already used, duplicate ignored

\AtBegShi@Output ...ipout \box \AtBeginShipoutBox 
                                                  \fi \fi 
l.610 
       <./figures/paper-fig3-1.png (PNG copy)>] [8]

Package xcolor Warning: Incompatible color definition on input line 700.


Package xcolor Warning: Incompatible color definition on input line 717.


Package xcolor Warning: Incompatible color definition on input line 717.

<./figures/paper-fig5-1.png, id=273, 578.16pt x 433.62pt>
File: ./figures/paper-fig5-1.png Graphic file (type png)
<use ./figures/paper-fig5-1.png>
Package pdftex.def Info: ./figures/paper-fig5-1.png  used on input line 720.
(pdftex.def)             Requested size: 469.75385pt x 352.31538pt.

Underfull \hbox (badness 10000) in paragraph at lines 720--720
[][]
 []

[9pdfTeX warning (ext4): destination with the same identifier (name{figure.4}) 
has been already used, duplicate ignored

\AtBegShi@Output ...ipout \box \AtBeginShipoutBox 
                                                  \fi \fi 
l.732 \end{itemize}
                    <./figures/paper-fig5-1.png>]

Package xcolor Warning: Incompatible color definition on input line 734.


Package xcolor Warning: Incompatible color definition on input line 748.


Package xcolor Warning: Incompatible color definition on input line 748.

<./figures/paper-fig6-1.png, id=282, 361.35pt x 361.35pt>
File: ./figures/paper-fig6-1.png Graphic file (type png)
<use ./figures/paper-fig6-1.png>
Package pdftex.def Info: ./figures/paper-fig6-1.png  used on input line 751.
(pdftex.def)             Requested size: 361.34912pt x 361.34912pt.
[10pdfTeX warning (ext4): destination with the same identifier (name{figure.5})
 has been already used, duplicate ignored

\AtBegShi@Output ...ipout \box \AtBeginShipoutBox 
                                                  \fi \fi 
l.771   A
         ll \texttt{ggstatsplot} functions remove \texttt{NA}s from variable...
 <./figures/paper-fig6-1.png (PNG copy)>]

Package xcolor Warning: Incompatible color definition on input line 783.


Package xcolor Warning: Incompatible color definition on input line 816.


Package xcolor Warning: Incompatible color definition on input line 816.

<./figures/paper-fig4-1.png, id=292, 722.7pt x 361.35pt>
File: ./figures/paper-fig4-1.png Graphic file (type png)
<use ./figures/paper-fig4-1.png>
Package pdftex.def Info: ./figures/paper-fig4-1.png  used on input line 819.
(pdftex.def)             Requested size: 469.76045pt x 234.88023pt.
[11]
<figures/stats_reporting_format.png, id=301, 871.75688pt x 183.68625pt>
File: figures/stats_reporting_format.png Graphic file (type png)
<use figures/stats_reporting_format.png>
Package pdftex.def Info: figures/stats_reporting_format.png  used on input line
 833.
(pdftex.def)             Requested size: 469.75737pt x 98.98167pt.
[12pdfTeX warning (ext4): destination with the same identifier (name{figure.7})
 has been already used, duplicate ignored

\AtBegShi@Output ...ipout \box \AtBeginShipoutBox 
                                                  \fi \fi 
l.857   W
         ith the exception of \emph{p}-values, most statistics are rounded t...
pdfTeX warning (ext4): destination with the same identifier (name{figure.6}) ha
s been already used, duplicate ignored

\AtBegShi@Output ...ipout \box \AtBeginShipoutBox 
                                                  \fi \fi 
l.857   W
         ith the exception of \emph{p}-values, most statistics are rounded t...
 <./figures/stats_reporting_format.png> <./figures/paper-fig4-1.png (PNG copy)>
]
Overfull \hbox (8.74693pt too wide) in paragraph at lines 878--879
\T1/lmr/m/n/10 (-20) available?|  
 []

[13] [14]
LaTeX Font Info:    Font shape `T1/lmtt/bx/n' in size <12> not available
(Font)              Font shape `T1/lmtt/b/n' tried instead on input line 1160.

Package xcolor Warning: Incompatible color definition on input line 1166.


Package xcolor Warning: Incompatible color definition on input line 1184.


Package xcolor Warning: Incompatible color definition on input line 1184.

<./figures/paper-ggbetweenstats1-1.png, id=338, 469.755pt x 325.215pt>
File: ./figures/paper-ggbetweenstats1-1.png Graphic file (type png)
<use ./figures/paper-ggbetweenstats1-1.png>
Package pdftex.def Info: ./figures/paper-ggbetweenstats1-1.png  used on input l
ine 1186.
(pdftex.def)             Requested size: 469.75386pt x 325.2142pt.
[15 <./figures/paper-ggbetweenstats1-1.png>]

Package xcolor Warning: Incompatible color definition on input line 1196.


Package xcolor Warning: Incompatible color definition on input line 1233.


Package xcolor Warning: Incompatible color definition on input line 1233.

<./figures/paper-ggbetweenstats2-1.png, id=346, 469.755pt x 325.215pt>
File: ./figures/paper-ggbetweenstats2-1.png Graphic file (type png)
<use ./figures/paper-ggbetweenstats2-1.png>
Package pdftex.def Info: ./figures/paper-ggbetweenstats2-1.png  used on input l
ine 1235.
(pdftex.def)             Requested size: 469.75386pt x 325.2142pt.
[16]

Package xcolor Warning: Incompatible color definition on input line 1240.


Package xcolor Warning: Incompatible color definition on input line 1271.


Package xcolor Warning: Incompatible color definition on input line 1271.


Overfull \vbox (0.99692pt too high) detected at line 1271
 []


Package xcolor Warning: Incompatible color definition on input line 1271.

[17 <./figures/paper-ggbetweenstats2-1.png>]

Package xcolor Warning: Incompatible color definition on input line 1271.


Package xcolor Warning: Incompatible color definition on input line 1271.

<./figures/paper-ggbetweenstats3-1.png, id=356, 867.24pt x 1011.78pt>
File: ./figures/paper-ggbetweenstats3-1.png Graphic file (type png)
<use ./figures/paper-ggbetweenstats3-1.png>
Package pdftex.def Info: ./figures/paper-ggbetweenstats3-1.png  used on input l
ine 1273.
(pdftex.def)             Requested size: 469.75827pt x 548.0513pt.
[18 <./figures/paper-ggbetweenstats3-1.png (PNG copy)>]

Package xcolor Warning: Incompatible color definition on input line 1327.


Package xcolor Warning: Incompatible color definition on input line 1350.


Package xcolor Warning: Incompatible color definition on input line 1350.


Package xcolor Warning: Incompatible color definition on input line 1350.

[19]

Package xcolor Warning: Incompatible color definition on input line 1350.


Package xcolor Warning: Incompatible color definition on input line 1350.

<./figures/paper-ggwithinstats1-1.png, id=373, 505.89pt x 361.35pt>
File: ./figures/paper-ggwithinstats1-1.png Graphic file (type png)
<use ./figures/paper-ggwithinstats1-1.png>
Package pdftex.def Info: ./figures/paper-ggwithinstats1-1.png  used on input li
ne 1352.
(pdftex.def)             Requested size: 469.76265pt x 335.54477pt.

Package xcolor Warning: Incompatible color definition on input line 1357.


Package xcolor Warning: Incompatible color definition on input line 1381.


Package xcolor Warning: Incompatible color definition on input line 1381.


Package xcolor Warning: Incompatible color definition on input line 1381.

[20 <./figures/paper-ggwithinstats1-1.png (PNG copy)>]

Package xcolor Warning: Incompatible color definition on input line 1381.


Package xcolor Warning: Incompatible color definition on input line 1381.

<./figures/paper-ggwithinstats2-1.png, id=378, 867.24pt x 433.62pt>
File: ./figures/paper-ggwithinstats2-1.png Graphic file (type png)
<use ./figures/paper-ggwithinstats2-1.png>
Package pdftex.def Info: ./figures/paper-ggwithinstats2-1.png  used on input li
ne 1383.
(pdftex.def)             Requested size: 469.75827pt x 234.87912pt.

Overfull \hbox (5.80695pt too wide) in paragraph at lines 1482--1485
\T1/lmr/m/n/10 (-20) This func-tion cre-ates a scat-ter-plot with marginal dis-
tri-bu-tions over-laid on the axes (from \T1/lmtt/m/n/10 ggExtra::ggMarginal\T1
/lmr/m/n/10 (-20) )
 []


Package xcolor Warning: Incompatible color definition on input line 1486.

[21 <./figures/paper-ggwithinstats2-1.png (PNG copy)>]

Package xcolor Warning: Incompatible color definition on input line 1498.


Package xcolor Warning: Incompatible color definition on input line 1498.

<./figures/paper-ggscatterstats1-1.png, id=390, 469.755pt x 325.215pt>
File: ./figures/paper-ggscatterstats1-1.png Graphic file (type png)
<use ./figures/paper-ggscatterstats1-1.png>
Package pdftex.def Info: ./figures/paper-ggscatterstats1-1.png  used on input l
ine 1500.
(pdftex.def)             Requested size: 469.75386pt x 325.2142pt.

Package xcolor Warning: Incompatible color definition on input line 1520.


Package xcolor Warning: Incompatible color definition on input line 1552.


Package xcolor Warning: Incompatible color definition on input line 1552.


Package xcolor Warning: Incompatible color definition on input line 1552.

[22 <./figures/paper-ggscatterstats1-1.png>]

Package xcolor Warning: Incompatible color definition on input line 1552.


Package xcolor Warning: Incompatible color definition on input line 1552.

<./figures/paper-ggscatterstats2-1.png, id=396, 469.755pt x 325.215pt>
File: ./figures/paper-ggscatterstats2-1.png Graphic file (type png)
<use ./figures/paper-ggscatterstats2-1.png>
Package pdftex.def Info: ./figures/paper-ggscatterstats2-1.png  used on input l
ine 1554.
(pdftex.def)             Requested size: 469.75386pt x 325.2142pt.
[23 <./figures/paper-ggscatterstats2-1.png (PNG copy)>]

Package xcolor Warning: Incompatible color definition on input line 1563.


Package xcolor Warning: Incompatible color definition on input line 1594.


Package xcolor Warning: Incompatible color definition on input line 1594.

<./figures/paper-ggscatterstats3-1.png, id=401, 1011.78pt x 867.24pt>
File: ./figures/paper-ggscatterstats3-1.png Graphic file (type png)
<use ./figures/paper-ggscatterstats3-1.png>
Package pdftex.def Info: ./figures/paper-ggscatterstats3-1.png  used on input l
ine 1596.
(pdftex.def)             Requested size: 469.76266pt x 402.65372pt.
[24] [25 <./figures/paper-ggscatterstats3-1.png>]

Package xcolor Warning: Incompatible color definition on input line 1633.


Package xcolor Warning: Incompatible color definition on input line 1646.


Package xcolor Warning: Incompatible color definition on input line 1646.

<./figures/paper-ggpiestats1-1.png, id=418, 469.755pt x 325.215pt>
File: ./figures/paper-ggpiestats1-1.png Graphic file (type png)
<use ./figures/paper-ggpiestats1-1.png>
Package pdftex.def Info: ./figures/paper-ggpiestats1-1.png  used on input line 
1648.
(pdftex.def)             Requested size: 469.75386pt x 325.2142pt.

Package xcolor Warning: Incompatible color definition on input line 1653.


Package xcolor Warning: Incompatible color definition on input line 1678.


Package xcolor Warning: Incompatible color definition on input line 1678.


Package xcolor Warning: Incompatible color definition on input line 1678.

[26 <./figures/paper-ggpiestats1-1.png>]

Package xcolor Warning: Incompatible color definition on input line 1678.


Package xcolor Warning: Incompatible color definition on input line 1678.

<./figures/paper-ggpiestats2-1.png, id=424, 469.755pt x 325.215pt>
File: ./figures/paper-ggpiestats2-1.png Graphic file (type png)
<use ./figures/paper-ggpiestats2-1.png>
Package pdftex.def Info: ./figures/paper-ggpiestats2-1.png  used on input line 
1680.
(pdftex.def)             Requested size: 469.75386pt x 325.2142pt.

Package xcolor Warning: Incompatible color definition on input line 1685.


Package xcolor Warning: Incompatible color definition on input line 1719.


Package xcolor Warning: Incompatible color definition on input line 1719.


Package xcolor Warning: Incompatible color definition on input line 1719.

[27 <./figures/paper-ggpiestats2-1.png>]

Package xcolor Warning: Incompatible color definition on input line 1719.


Package xcolor Warning: Incompatible color definition on input line 1719.

<./figures/paper-ggpiestats3-1.png, id=430, 469.755pt x 325.215pt>
File: ./figures/paper-ggpiestats3-1.png Graphic file (type png)
<use ./figures/paper-ggpiestats3-1.png>
Package pdftex.def Info: ./figures/paper-ggpiestats3-1.png  used on input line 
1721.
(pdftex.def)             Requested size: 469.75386pt x 325.2142pt.
[28 <./figures/paper-ggpiestats3-1.png>]

Package xcolor Warning: Incompatible color definition on input line 1743.


Package xcolor Warning: Incompatible color definition on input line 1767.


Package xcolor Warning: Incompatible color definition on input line 1767.

<./figures/paper-ggpiestats4-1.png, id=436, 722.7pt x 722.7pt>
File: ./figures/paper-ggpiestats4-1.png Graphic file (type png)
<use ./figures/paper-ggpiestats4-1.png>
Package pdftex.def Info: ./figures/paper-ggpiestats4-1.png  used on input line 
1769.
(pdftex.def)             Requested size: 469.76045pt x 469.76045pt.
[29] [30 <./figures/paper-ggpiestats4-1.png>]

Package xcolor Warning: Incompatible color definition on input line 1810.


Package xcolor Warning: Incompatible color definition on input line 1832.


Package xcolor Warning: Incompatible color definition on input line 1832.

<./figures/paper-ggbarstats1-1.png, id=451, 722.7pt x 578.16pt>
File: ./figures/paper-ggbarstats1-1.png Graphic file (type png)
<use ./figures/paper-ggbarstats1-1.png>
Package pdftex.def Info: ./figures/paper-ggbarstats1-1.png  used on input line 
1834.
(pdftex.def)             Requested size: 469.76045pt x 375.80836pt.
[31]

Package xcolor Warning: Incompatible color definition on input line 1838.


Package xcolor Warning: Incompatible color definition on input line 1866.


Package xcolor Warning: Incompatible color definition on input line 1866.


Underfull \vbox (badness 10000) detected at line 1866
 []


Package xcolor Warning: Incompatible color definition on input line 1866.

[32 <./figures/paper-ggbarstats1-1.png (PNG copy)>]

Package xcolor Warning: Incompatible color definition on input line 1866.


Package xcolor Warning: Incompatible color definition on input line 1866.

<./figures/paper-ggbarstats2-1.png, id=463, 722.7pt x 867.24pt>
File: ./figures/paper-ggbarstats2-1.png Graphic file (type png)
<use ./figures/paper-ggbarstats2-1.png>
Package pdftex.def Info: ./figures/paper-ggbarstats2-1.png  used on input line 
1868.
(pdftex.def)             Requested size: 469.76045pt x 563.71257pt.
[33 <./figures/paper-ggbarstats2-1.png>]

Package xcolor Warning: Incompatible color definition on input line 1882.


Package xcolor Warning: Incompatible color definition on input line 1908.


Package xcolor Warning: Incompatible color definition on input line 1908.

<./figures/paper-gghistostats1-1.png, id=470, 469.755pt x 325.215pt>
File: ./figures/paper-gghistostats1-1.png Graphic file (type png)
<use ./figures/paper-gghistostats1-1.png>
Package pdftex.def Info: ./figures/paper-gghistostats1-1.png  used on input lin
e 1910.
(pdftex.def)             Requested size: 469.75386pt x 325.2142pt.
[34]

Package xcolor Warning: Incompatible color definition on input line 1915.


Package xcolor Warning: Incompatible color definition on input line 1942.


Package xcolor Warning: Incompatible color definition on input line 1942.

<./figures/paper-gghistostats4-1.png, id=477, 722.7pt x 722.7pt>
File: ./figures/paper-gghistostats4-1.png Graphic file (type png)
<use ./figures/paper-gghistostats4-1.png>
Package pdftex.def Info: ./figures/paper-gghistostats4-1.png  used on input lin
e 1944.
(pdftex.def)             Requested size: 469.76045pt x 469.76045pt.
[35 <./figures/paper-gghistostats1-1.png (PNG copy)>] [36 <./figures/paper-gghi
stostats4-1.png>]

Package xcolor Warning: Incompatible color definition on input line 2018.


Package xcolor Warning: Incompatible color definition on input line 2045.


Package xcolor Warning: Incompatible color definition on input line 2045.

<./figures/paper-ggdotplotstats1-1.png, id=492, 578.16pt x 722.7pt>
File: ./figures/paper-ggdotplotstats1-1.png Graphic file (type png)
<use ./figures/paper-ggdotplotstats1-1.png>
Package pdftex.def Info: ./figures/paper-ggdotplotstats1-1.png  used on input l
ine 2047.
(pdftex.def)             Requested size: 469.75385pt x 587.1923pt.
[37]

Package xcolor Warning: Incompatible color definition on input line 2053.


Package xcolor Warning: Incompatible color definition on input line 2081.


Package xcolor Warning: Incompatible color definition on input line 2081.


Package xcolor Warning: Incompatible color definition on input line 2081.

[38 <./figures/paper-ggdotplotstats1-1.png>]

Package xcolor Warning: Incompatible color definition on input line 2081.


Package xcolor Warning: Incompatible color definition on input line 2081.

<./figures/paper-ggdotplotstats2-1.png, id=504, 722.7pt x 433.62pt>
File: ./figures/paper-ggdotplotstats2-1.png Graphic file (type png)
<use ./figures/paper-ggdotplotstats2-1.png>
Package pdftex.def Info: ./figures/paper-ggdotplotstats2-1.png  used on input l
ine 2083.
(pdftex.def)             Requested size: 469.76045pt x 281.85628pt.
[39 <./figures/paper-ggdotplotstats2-1.png>]

Package xcolor Warning: Incompatible color definition on input line 2100.


Package xcolor Warning: Incompatible color definition on input line 2124.


Package xcolor Warning: Incompatible color definition on input line 2124.

<./figures/paper-ggcorrmat1-1.png, id=513, 469.755pt x 325.215pt>
File: ./figures/paper-ggcorrmat1-1.png Graphic file (type png)
<use ./figures/paper-ggcorrmat1-1.png>
Package pdftex.def Info: ./figures/paper-ggcorrmat1-1.png  used on input line 2
126.
(pdftex.def)             Requested size: 469.75386pt x 325.2142pt.
[40]

Package xcolor Warning: Incompatible color definition on input line 2134.


Package xcolor Warning: Incompatible color definition on input line 2156.


Package xcolor Warning: Incompatible color definition on input line 2156.

<./figures/paper-ggcorrmat3-1.png, id=518, 722.7pt x 722.7pt>
File: ./figures/paper-ggcorrmat3-1.png Graphic file (type png)
<use ./figures/paper-ggcorrmat3-1.png>
Package pdftex.def Info: ./figures/paper-ggcorrmat3-1.png  used on input line 2
158.
(pdftex.def)             Requested size: 469.76045pt x 469.76045pt.
[41 <./figures/paper-ggcorrmat1-1.png (PNG copy)>] [42 <./figures/paper-ggcorrm
at3-1.png (PNG copy)>]

Package xcolor Warning: Incompatible color definition on input line 2210.


Package xcolor Warning: Incompatible color definition on input line 2221.


Package xcolor Warning: Incompatible color definition on input line 2221.

<./figures/paper-ggcoefstats1-1.png, id=533, 433.62pt x 361.35pt>
File: ./figures/paper-ggcoefstats1-1.png Graphic file (type png)
<use ./figures/paper-ggcoefstats1-1.png>
Package pdftex.def Info: ./figures/paper-ggcoefstats1-1.png  used on input line
 2223.
(pdftex.def)             Requested size: 433.61894pt x 361.34912pt.
[43]

Package xcolor Warning: Incompatible color definition on input line 2228.


Package xcolor Warning: Incompatible color definition on input line 2253.


Package xcolor Warning: Incompatible color definition on input line 2253.


Overfull \vbox (1.13184pt too high) detected at line 2253
 []


Package xcolor Warning: Incompatible color definition on input line 2253.

[44 <./figures/paper-ggcoefstats1-1.png (PNG copy)>]

Package xcolor Warning: Incompatible color definition on input line 2253.


Package xcolor Warning: Incompatible color definition on input line 2253.

<./figures/paper-ggcoefstats2-1.png, id=543, 578.16pt x 433.62pt>
File: ./figures/paper-ggcoefstats2-1.png Graphic file (type png)
<use ./figures/paper-ggcoefstats2-1.png>
Package pdftex.def Info: ./figures/paper-ggcoefstats2-1.png  used on input line
 2255.
(pdftex.def)             Requested size: 469.75385pt x 352.31538pt.

Package xcolor Warning: Incompatible color definition on input line 2288.

[45 <./figures/paper-ggcoefstats2-1.png (PNG copy)>]

Package xcolor Warning: Incompatible color definition on input line 2315.


Package xcolor Warning: Incompatible color definition on input line 2315.

<./figures/paper-pirateplot-1.png, id=551, 578.16pt x 433.62pt>
File: ./figures/paper-pirateplot-1.png Graphic file (type png)
<use ./figures/paper-pirateplot-1.png>
Package pdftex.def Info: ./figures/paper-pirateplot-1.png  used on input line 2
317.
(pdftex.def)             Requested size: 469.75385pt x 352.31538pt.
[46]
<figures/arguments.png, id=556, 1806.75pt x 2368.85pt>
File: figures/arguments.png Graphic file (type png)
<use figures/arguments.png>
Package pdftex.def Info: figures/arguments.png  used on input line 2343.
(pdftex.def)             Requested size: 469.74393pt x 615.88649pt.

LaTeX Warning: Float too large for page by 1.40091pt on input line 2345.

[47 <./figures/paper-pirateplot-1.png (PNG copy)>] [48pdfTeX warning (ext4): de
stination with the same identifier (name{figure.8}) has been already used, dupl
icate ignored

\AtBegShi@Output ...ipout \box \AtBeginShipoutBox 
                                                  \fi \fi 
l.2369 \newpage
                <./figures/arguments.png>] [49] [50]
Package atveryend Info: Empty hook `BeforeClearDocument' on input line 2470.
[51]
Package atveryend Info: Empty hook `AfterLastShipout' on input line 2470.
(paper.aux)
Package atveryend Info: Executing hook `AtVeryEndDocument' on input line 2470.
Package atveryend Info: Executing hook `AtEndAfterFileList' on input line 2470.

Package rerunfilecheck Info: File `paper.out' has not changed.
(rerunfilecheck)             Checksum: FB2017FCFB1FFA7A7DDEAE38FC9110CD;5511.
Package atveryend Info: Empty hook `AtVeryVeryEnd' on input line 2470.
 ) 
Here is how much of TeX's memory you used:
 15619 strings out of 492973
 228089 string characters out of 3135930
 361836 words of memory out of 3000000
 18985 multiletter control sequences out of 15000+200000
 78412 words of font info for 122 fonts, out of 3000000 for 9000
 1141 hyphenation exceptions out of 8191
 39i,12n,38p,970b,438s stack positions out of 5000i,500n,10000p,200000b,50000s
{C:/Program Files/MiKTeX 2.9/fonts/enc/dvips/lm/lm-rm.enc}{C:/Program Files/M
iKTeX 2.9/fonts/enc/dvips/lm/lm-mathsy.enc}{C:/Program Files/MiKTeX 2.9/fonts/e
nc/dvips/lm/lm-mathit.enc}{C:/Program Files/MiKTeX 2.9/fonts/enc/dvips/lm/lm-ts
1.enc}{C:/Program Files/MiKTeX 2.9/fonts/enc/dvips/lm/lm-ec.enc}<C:/Program Fil
es/MiKTeX 2.9/fonts/type1/public/lm/lmbx10.pfb><C:/Program Files/MiKTeX 2.9/fon
ts/type1/public/lm/lmbx12.pfb><C:/Program Files/MiKTeX 2.9/fonts/type1/public/l
m/lmmi10.pfb><C:/Program Files/MiKTeX 2.9/fonts/type1/public/lm/lmmi7.pfb><C:/P
rogram Files/MiKTeX 2.9/fonts/type1/public/lm/lmr10.pfb><C:/Program Files/MiKTe
X 2.9/fonts/type1/public/lm/lmr17.pfb><C:/Program Files/MiKTeX 2.9/fonts/type1/
public/lm/lmr6.pfb><C:/Program Files/MiKTeX 2.9/fonts/type1/public/lm/lmr7.pfb>
<C:/Program Files/MiKTeX 2.9/fonts/type1/public/lm/lmr8.pfb><C:/Program Files/M
iKTeX 2.9/fonts/type1/public/lm/lmri10.pfb><C:/Program Files/MiKTeX 2.9/fonts/t
ype1/public/lm/lmri12.pfb><C:/Program Files/MiKTeX 2.9/fonts/type1/public/lm/lm
sy10.pfb><C:/Program Files/MiKTeX 2.9/fonts/type1/public/lm/lmtk10.pfb><C:/Prog
ram Files/MiKTeX 2.9/fonts/type1/public/lm/lmtt10.pfb><C:/Program Files/MiKTeX 
2.9/fonts/type1/public/lm/lmtti10.pfb><C:/Program Files/MiKTeX 2.9/fonts/type1/
public/amsfonts/symbols/msam10.pfb>
Output written on paper.pdf (51 pages, 6294177 bytes).
PDF statistics:
 701 PDF objects out of 1000 (max. 8388607)
 171 named destinations out of 1000 (max. 500000)
 16804 words of extra memory for PDF output out of 17280 (max. 10000000)

